psql:create_tables.sql:27: ERROR:  relation "hk_cal" already exists
psql:create_tables.sql:29: ERROR:  duplicate key value violates unique constraint "hk_cal_pkey"
CONTEXT:  COPY hk_cal, line 1: "-1 0 0 768 257 {4059,4059,4059,4059,4059,4059,4059,4059,4059,4059,4059,4059,4059,4059,4059,4059,4059..."
psql:create_tables.sql:97: ERROR:  relation "hk" already exists
psql:create_tables.sql:98: ERROR:  relation "hk_now_index" already exists
psql:create_tables.sql:112: ERROR:  relation "sshk_cal" already exists
psql:create_tables.sql:114: ERROR:  duplicate key value violates unique constraint "sshk_cal_pkey"
CONTEXT:  COPY sshk_cal, line 1: "-1 0 0 768 257 {4063,4064,4065,4064,4064,4064,4064,4064,4064,4064,4064,4064,4065,4064,4064,4064,4064..."
psql:create_tables.sql:136: ERROR:  relation "sshk" already exists
psql:create_tables.sql:137: ERROR:  relation "sshk_now_index" already exists
CREATE FUNCTION
CREATE FUNCTION
CREATE FUNCTION
CREATE FUNCTION
psql:create_tables.sql:617: ERROR:  trigger "calhk" for relation "hk" already exists
psql:create_tables.sql:622: ERROR:  rule "hkcal_data" for relation "hk" already exists
psql:create_tables.sql:625: ERROR:  trigger "calsshk" for relation "sshk" already exists
psql:create_tables.sql:630: ERROR:  rule "sshkcal_data" for relation "sshk" already exists
psql:create_tables.sql:651: ERROR:  relation "hk_surf" already exists
psql:create_tables.sql:652: ERROR:  relation "hk_surf_now_index" already exists
psql:create_tables.sql:670: ERROR:  relation "turf" already exists
psql:create_tables.sql:671: ERROR:  relation "turf_now_index" already exists
psql:create_tables.sql:693: ERROR:  relation "mon" already exists
psql:create_tables.sql:694: ERROR:  relation "mon_now_index" already exists
psql:create_tables.sql:716: ERROR:  relation "adu5_pat" already exists
psql:create_tables.sql:717: ERROR:  relation "adu5pat_now_index" already exists
psql:create_tables.sql:733: ERROR:  relation "adu5_vtg" already exists
psql:create_tables.sql:734: ERROR:  relation "adu5vtg_now_index" already exists
psql:create_tables.sql:751: ERROR:  relation "adu5_sat" already exists
psql:create_tables.sql:752: ERROR:  relation "adu5sat_now_index" already exists
psql:create_tables.sql:775: ERROR:  relation "g12_pos" already exists
psql:create_tables.sql:776: ERROR:  relation "g12pos_now_index" already exists
psql:create_tables.sql:790: ERROR:  relation "g12_sat" already exists
psql:create_tables.sql:791: ERROR:  relation "g12sat_now_index" already exists
psql:create_tables.sql:802: ERROR:  relation "cmd" already exists
psql:create_tables.sql:803: ERROR:  relation "cmd_now_index" already exists
psql:create_tables.sql:811: ERROR:  relation "wakeup" already exists
psql:create_tables.sql:823: ERROR:  relation "file" already exists
psql:create_tables.sql:824: ERROR:  relation "file_now_index" already exists
psql:create_tables.sql:854: ERROR:  relation "slow" already exists
psql:create_tables.sql:855: ERROR:  relation "slow_now_index" already exists
CREATE FUNCTION
psql:create_tables.sql:922: ERROR:  trigger "calslow" for relation "slow" already exists
psql:create_tables.sql:960: ERROR:  relation "hd" already exists
psql:create_tables.sql:961: ERROR:  relation "hd_now_index" already exists
psql:create_tables.sql:980: ERROR:  relation "wv" already exists
psql:create_tables.sql:982: ERROR:  relation "rf" already exists
psql:create_tables.sql:997: ERROR:  relation "wv_ped" already exists
psql:create_tables.sql:998: ERROR:  relation "wv_ped_index" already exists
CREATE FUNCTION
CREATE FUNCTION
CREATE FUNCTION
CREATE FUNCTION
CREATE FUNCTION
psql:create_tables.sql:1313: ERROR:  relation "run" already exists
psql:create_tables.sql:1314: ERROR:  relation "run_evnum_index" already exists
psql:create_tables.sql:1333: ERROR:  relation "other" already exists
psql:create_tables.sql:1334: ERROR:  relation "other_runevnum_index" already exists
psql:create_tables.sql:1337: ERROR:  rule "hk_new" for relation "hk" already exists
psql:create_tables.sql:1338: ERROR:  rule "sshk_new" for relation "sshk" already exists
psql:create_tables.sql:1339: ERROR:  rule "hk_surf_new" for relation "hk_surf" already exists
psql:create_tables.sql:1340: ERROR:  rule "turf_new" for relation "turf" already exists
psql:create_tables.sql:1341: ERROR:  rule "mon_new" for relation "mon" already exists
psql:create_tables.sql:1342: ERROR:  rule "adu5_pat_new" for relation "adu5_pat" already exists
psql:create_tables.sql:1343: ERROR:  rule "adu5_vtg_new" for relation "adu5_vtg" already exists
psql:create_tables.sql:1344: ERROR:  rule "adu5_sat_new" for relation "adu5_sat" already exists
psql:create_tables.sql:1345: ERROR:  rule "g12_pos_new" for relation "g12_pos" already exists
psql:create_tables.sql:1346: ERROR:  rule "g12_sat_new" for relation "g12_sat" already exists
Cancel request sent
psql:create_tables.sql:1347: ERROR:  canceling statement due to user request
