This file contains any messages produced by compilers while
running configure, to aid debugging if configure makes a mistake.

It was created by configure, which was
generated by GNU Autoconf 2.63.  Invocation command line was

  $ ./configure CPPFLAGS=-I/home/anita/flightSoft/common --no-create --no-recursion

## --------- ##
## Platform. ##
## --------- ##

hostname = gse2.anita3
uname -m = x86_64
uname -r = 2.6.32-642.1.1.el6.x86_64
uname -s = Linux
uname -v = #1 SMP Tue May 31 21:57:07 UTC 2016

/usr/bin/uname -p = unknown
/bin/uname -X     = unknown

/bin/arch              = x86_64
/usr/bin/arch -k       = unknown
/usr/convex/getsysinfo = unknown
/usr/bin/hostinfo      = unknown
/bin/machine           = unknown
/usr/bin/oslevel       = unknown
/bin/universe          = unknown

PATH: /usr/local/bin
PATH: /bin
PATH: /usr/bin
PATH: /usr/local/sbin
PATH: /usr/sbin
PATH: /sbin
PATH: /home/pengcao/bin


## ----------- ##
## Core tests. ##
## ----------- ##

configure:2035: checking for a BSD-compatible install
configure:2103: result: /usr/bin/install -c
configure:2114: checking whether build environment is sane
configure:2157: result: yes
configure:2169: checking whether make sets $(MAKE)
configure:2191: result: yes
configure:2214: checking for working aclocal-1.4
configure:2225: result: missing
configure:2229: checking for working autoconf
configure:2236: result: found
configure:2244: checking for working automake-1.4
configure:2255: result: missing
configure:2259: checking for working autoheader
configure:2266: result: found
configure:2274: checking for working makeinfo
configure:2285: result: missing
configure:2343: checking for gcc
configure:2359: found /usr/bin/gcc
configure:2370: result: gcc
configure:2602: checking for C compiler version
configure:2610: gcc --version >&5
gcc (GCC) 4.4.7 20120313 (Red Hat 4.4.7-17)
Copyright (C) 2010 Free Software Foundation, Inc.
This is free software; see the source for copying conditions.  There is NO
warranty; not even for MERCHANTABILITY or FITNESS FOR A PARTICULAR PURPOSE.

configure:2614: $? = 0
configure:2621: gcc -v >&5
Using built-in specs.
Target: x86_64-redhat-linux
Configured with: ../configure --prefix=/usr --mandir=/usr/share/man --infodir=/usr/share/info --with-bugurl=http://bugzilla.redhat.com/bugzilla --enable-bootstrap --enable-shared --enable-threads=posix --enable-checking=release --with-system-zlib --enable-__cxa_atexit --disable-libunwind-exceptions --enable-gnu-unique-object --enable-languages=c,c++,objc,obj-c++,java,fortran,ada --enable-java-awt=gtk --disable-dssi --with-java-home=/usr/lib/jvm/java-1.5.0-gcj-1.5.0.0/jre --enable-libgcj-multifile --enable-java-maintainer-mode --with-ecj-jar=/usr/share/java/eclipse-ecj.jar --disable-libjava-multilib --with-ppl --with-cloog --with-tune=generic --with-arch_32=i686 --build=x86_64-redhat-linux
Thread model: posix
gcc version 4.4.7 20120313 (Red Hat 4.4.7-17) (GCC) 
configure:2625: $? = 0
configure:2632: gcc -V >&5
gcc: '-V' option must have argument
configure:2636: $? = 1
configure:2659: checking for C compiler default output file name
configure:2681: gcc  -I/home/anita/flightSoft/common  conftest.c  >&5
configure:2685: $? = 0
configure:2723: result: a.out
configure:2742: checking whether the C compiler works
configure:2752: ./a.out
configure:2756: $? = 0
configure:2775: result: yes
configure:2782: checking whether we are cross compiling
configure:2784: result: no
configure:2787: checking for suffix of executables
configure:2794: gcc -o conftest  -I/home/anita/flightSoft/common  conftest.c  >&5
configure:2798: $? = 0
configure:2824: result: 
configure:2830: checking for suffix of object files
configure:2856: gcc -c  -I/home/anita/flightSoft/common conftest.c >&5
configure:2860: $? = 0
configure:2885: result: o
configure:2889: checking whether we are using the GNU C compiler
configure:2918: gcc -c  -I/home/anita/flightSoft/common conftest.c >&5
configure:2925: $? = 0
configure:2942: result: yes
configure:2951: checking whether gcc accepts -g
configure:2981: gcc -c -g -I/home/anita/flightSoft/common conftest.c >&5
configure:2988: $? = 0
configure:3089: result: yes
configure:3106: checking for gcc option to accept ISO C89
configure:3180: gcc  -c -g -O2 -I/home/anita/flightSoft/common conftest.c >&5
configure:3187: $? = 0
configure:3210: result: none needed
configure:3286: checking for g++
configure:3302: found /usr/bin/g++
configure:3313: result: g++
configure:3340: checking for C++ compiler version
configure:3348: g++ --version >&5
g++ (GCC) 4.4.7 20120313 (Red Hat 4.4.7-17)
Copyright (C) 2010 Free Software Foundation, Inc.
This is free software; see the source for copying conditions.  There is NO
warranty; not even for MERCHANTABILITY or FITNESS FOR A PARTICULAR PURPOSE.

configure:3352: $? = 0
configure:3359: g++ -v >&5
Using built-in specs.
Target: x86_64-redhat-linux
Configured with: ../configure --prefix=/usr --mandir=/usr/share/man --infodir=/usr/share/info --with-bugurl=http://bugzilla.redhat.com/bugzilla --enable-bootstrap --enable-shared --enable-threads=posix --enable-checking=release --with-system-zlib --enable-__cxa_atexit --disable-libunwind-exceptions --enable-gnu-unique-object --enable-languages=c,c++,objc,obj-c++,java,fortran,ada --enable-java-awt=gtk --disable-dssi --with-java-home=/usr/lib/jvm/java-1.5.0-gcj-1.5.0.0/jre --enable-libgcj-multifile --enable-java-maintainer-mode --with-ecj-jar=/usr/share/java/eclipse-ecj.jar --disable-libjava-multilib --with-ppl --with-cloog --with-tune=generic --with-arch_32=i686 --build=x86_64-redhat-linux
Thread model: posix
gcc version 4.4.7 20120313 (Red Hat 4.4.7-17) (GCC) 
configure:3363: $? = 0
configure:3370: g++ -V >&5
g++: '-V' option must have argument
configure:3374: $? = 1
configure:3377: checking whether we are using the GNU C++ compiler
configure:3406: g++ -c  -I/home/anita/flightSoft/common conftest.cpp >&5
configure:3413: $? = 0
configure:3430: result: yes
configure:3439: checking whether g++ accepts -g
configure:3469: g++ -c -g -I/home/anita/flightSoft/common conftest.cpp >&5
configure:3476: $? = 0
configure:3577: result: yes
configure:3643: checking for ranlib
configure:3659: found /usr/bin/ranlib
configure:3670: result: ranlib
configure:3764: checking build system type
configure:3782: result: x86_64-redhat-linux-gnu
configure:3804: checking host system type
configure:3819: result: x86_64-redhat-linux-gnu
configure:3863: checking for ld used by GCC
configure:3926: result: /usr/bin/ld
configure:3935: checking if the linker (/usr/bin/ld) is GNU ld
GNU ld version 2.20.51.0.2-5.44.el6 20100205
configure:3947: result: yes
configure:3952: checking for /usr/bin/ld option to reload object files
configure:3959: result: -r
configure:3964: checking for BSD-compatible nm
configure:4000: result: /usr/bin/nm -B
configure:4003: checking for a sed that does not truncate output
configure:4085: result: /bin/sed
configure:4088: checking whether ln -s works
configure:4092: result: yes
configure:4099: checking how to recognise dependent libraries
configure:4280: result: pass_all
configure:4293: checking command to parse /usr/bin/nm -B output
configure:4377: gcc -c -g -O2 -I/home/anita/flightSoft/common conftest.c >&5
configure:4380: $? = 0
configure:4384: /usr/bin/nm -B conftest.o \| sed -n -e 's/^.*[ 	]\([ABCDGISTW][ABCDGISTW]*\)[ 	][ 	]*\(\)\([_A-Za-z][_A-Za-z0-9]*\)$/\1 \2\3 \3/p' \> conftest.nm
configure:4387: $? = 0
configure:4439: gcc -o conftest -g -O2 -I/home/anita/flightSoft/common  conftest.c conftstm.o >&5
configure:4442: $? = 0
configure:4486: result: ok
configure:4495: checking how to run the C preprocessor
configure:4535: gcc -E -I/home/anita/flightSoft/common conftest.c
configure:4542: $? = 0
configure:4573: gcc -E -I/home/anita/flightSoft/common conftest.c
conftest.c:8:28: error: ac_nonexistent.h: No such file or directory
configure:4580: $? = 1
configure: failed program was:
| /* confdefs.h.  */
| #define PACKAGE_NAME ""
| #define PACKAGE_TARNAME ""
| #define PACKAGE_VERSION ""
| #define PACKAGE_STRING ""
| #define PACKAGE_BUGREPORT ""
| /* end confdefs.h.  */
| #include <ac_nonexistent.h>
configure:4613: result: gcc -E
configure:4642: gcc -E -I/home/anita/flightSoft/common conftest.c
configure:4649: $? = 0
configure:4680: gcc -E -I/home/anita/flightSoft/common conftest.c
conftest.c:8:28: error: ac_nonexistent.h: No such file or directory
configure:4687: $? = 1
configure: failed program was:
| /* confdefs.h.  */
| #define PACKAGE_NAME ""
| #define PACKAGE_TARNAME ""
| #define PACKAGE_VERSION ""
| #define PACKAGE_STRING ""
| #define PACKAGE_BUGREPORT ""
| /* end confdefs.h.  */
| #include <ac_nonexistent.h>
configure:4727: checking for grep that handles long lines and -e
configure:4787: result: /bin/grep
configure:4792: checking for egrep
configure:4856: result: /bin/grep -E
configure:4861: checking for ANSI C header files
configure:4891: gcc -c -g -O2 -I/home/anita/flightSoft/common conftest.c >&5
configure:4898: $? = 0
configure:4997: gcc -o conftest -g -O2 -I/home/anita/flightSoft/common  conftest.c  >&5
configure:5001: $? = 0
configure:5007: ./conftest
configure:5011: $? = 0
configure:5029: result: yes
configure:5053: checking for sys/types.h
configure:5074: gcc -c -g -O2 -I/home/anita/flightSoft/common conftest.c >&5
configure:5081: $? = 0
configure:5098: result: yes
configure:5053: checking for sys/stat.h
configure:5074: gcc -c -g -O2 -I/home/anita/flightSoft/common conftest.c >&5
configure:5081: $? = 0
configure:5098: result: yes
configure:5053: checking for stdlib.h
configure:5074: gcc -c -g -O2 -I/home/anita/flightSoft/common conftest.c >&5
configure:5081: $? = 0
configure:5098: result: yes
configure:5053: checking for string.h
configure:5074: gcc -c -g -O2 -I/home/anita/flightSoft/common conftest.c >&5
configure:5081: $? = 0
configure:5098: result: yes
configure:5053: checking for memory.h
configure:5074: gcc -c -g -O2 -I/home/anita/flightSoft/common conftest.c >&5
configure:5081: $? = 0
configure:5098: result: yes
configure:5053: checking for strings.h
configure:5074: gcc -c -g -O2 -I/home/anita/flightSoft/common conftest.c >&5
configure:5081: $? = 0
configure:5098: result: yes
configure:5053: checking for inttypes.h
configure:5074: gcc -c -g -O2 -I/home/anita/flightSoft/common conftest.c >&5
configure:5081: $? = 0
configure:5098: result: yes
configure:5053: checking for stdint.h
configure:5074: gcc -c -g -O2 -I/home/anita/flightSoft/common conftest.c >&5
configure:5081: $? = 0
configure:5098: result: yes
configure:5053: checking for unistd.h
configure:5074: gcc -c -g -O2 -I/home/anita/flightSoft/common conftest.c >&5
configure:5081: $? = 0
configure:5098: result: yes
configure:5128: checking dlfcn.h usability
configure:5145: gcc -c -g -O2 -I/home/anita/flightSoft/common conftest.c >&5
configure:5152: $? = 0
configure:5166: result: yes
configure:5170: checking dlfcn.h presence
configure:5185: gcc -E -I/home/anita/flightSoft/common conftest.c
configure:5192: $? = 0
configure:5206: result: yes
configure:5234: checking for dlfcn.h
configure:5243: result: yes
configure:5445: checking for ranlib
configure:5472: result: ranlib
configure:5537: checking for strip
configure:5553: found /usr/bin/strip
configure:5564: result: strip
configure:5794: checking for objdir
configure:5805: result: .libs
configure:5822: checking for gcc option to produce PIC
configure:5968: result: -fPIC
configure:5972: checking if gcc PIC flag -fPIC works
configure:6000: gcc -c -g -O2 -fPIC -DPIC -I/home/anita/flightSoft/common conftest.c >&5
configure:6007: $? = 0
configure:6049: result: yes
configure:6065: checking if gcc static flag -static works
configure:6094: gcc -o conftest -g -O2 -I/home/anita/flightSoft/common  -static conftest.c  >&5
/usr/bin/ld: cannot find -lc
collect2: ld returned 1 exit status
configure:6101: $? = 1
configure: failed program was:
| /* confdefs.h.  */
| #define PACKAGE_NAME ""
| #define PACKAGE_TARNAME ""
| #define PACKAGE_VERSION ""
| #define PACKAGE_STRING ""
| #define PACKAGE_BUGREPORT ""
| #define STDC_HEADERS 1
| #define HAVE_SYS_TYPES_H 1
| #define HAVE_SYS_STAT_H 1
| #define HAVE_STDLIB_H 1
| #define HAVE_STRING_H 1
| #define HAVE_MEMORY_H 1
| #define HAVE_STRINGS_H 1
| #define HAVE_INTTYPES_H 1
| #define HAVE_STDINT_H 1
| #define HAVE_UNISTD_H 1
| #define HAVE_DLFCN_H 1
| /* end confdefs.h.  */
| 
| int
| main ()
| {
| 
|   ;
|   return 0;
| }
configure:6127: result: no
configure:6139: checking if gcc supports -c -o file.o
configure:6159: gcc -c -g -O2 -o out/conftest2.o -I/home/anita/flightSoft/common conftest.c >&5
configure:6183: result: yes
configure:6188: checking if gcc supports -c -o file.lo
configure:6220: gcc -c -g -O2 -c -o conftest.lo -I/home/anita/flightSoft/common conftest.c >&5
configure:6227: $? = 0
configure:6254: result: yes
configure:6285: checking if gcc supports -fno-rtti -fno-exceptions
configure:6312: gcc -c -g -O2 -fno-rtti -fno-exceptions -c conftest.c -I/home/anita/flightSoft/common conftest.c >&5
cc1: warning: command line option "-fno-rtti" is valid for C++/ObjC++ but not for C
cc1: warning: command line option "-fno-rtti" is valid for C++/ObjC++ but not for C
configure:6319: $? = 0
configure:6341: result: no
configure:6352: checking whether the linker (/usr/bin/ld) supports shared libraries
configure:7047: result: yes
configure:7052: checking how to hardcode library paths into programs
configure:7076: result: immediate
configure:7081: checking whether stripping libraries is possible
configure:7086: result: yes
configure:7097: checking dynamic linker characteristics
configure:7358: gcc -c -g -O2 -I/home/anita/flightSoft/common conftest.c >&5
configure:7361: $? = 0
configure:7528: result: GNU/Linux ld.so
configure:7533: checking if libtool supports shared libraries
configure:7535: result: yes
configure:7538: checking whether to build shared libraries
configure:7559: result: yes
configure:7562: checking whether to build static libraries
configure:7566: result: yes
configure:8310: checking whether -lc should be explicitly linked in
configure:8318: gcc -c -g -O2 -I/home/anita/flightSoft/common conftest.c >&5
configure:8321: $? = 0
configure:8335: gcc -shared conftest.o  -v -Wl,-soname -Wl,conftest -o conftest 2\>\&1 \| grep  -lc  \>/dev/null 2\>\&1
configure:8338: $? = 0
configure:8351: result: no
configure:8956: checking lddl.h usability
configure:8973: gcc -c -g -O2 -I/home/anita/flightSoft/common conftest.c >&5
configure:8980: $? = 0
configure:8994: result: yes
configure:8998: checking lddl.h presence
configure:9013: gcc -E -I/home/anita/flightSoft/common conftest.c
configure:9020: $? = 0
configure:9034: result: yes
configure:9062: checking for lddl.h
configure:9069: result: yes
configure:9098: checking libpq-fe.h usability
configure:9115: gcc -c -g -O2 -I/home/anita/flightSoft/common conftest.c >&5
configure:9122: $? = 0
configure:9136: result: yes
configure:9140: checking libpq-fe.h presence
configure:9155: gcc -E -I/home/anita/flightSoft/common conftest.c
configure:9162: $? = 0
configure:9176: result: yes
configure:9204: checking for libpq-fe.h
configure:9211: result: yes
configure:9241: checking includes/anitaFlight.h usability
configure:9258: gcc -c -g -O2 -I/home/anita/flightSoft/common conftest.c >&5
configure:9265: $? = 0
configure:9279: result: yes
configure:9283: checking includes/anitaFlight.h presence
configure:9298: gcc -E -I/home/anita/flightSoft/common conftest.c
configure:9305: $? = 0
configure:9319: result: yes
configure:9347: checking for includes/anitaFlight.h
configure:9354: result: yes
configure:9376: checking for main in -llddl
configure:9405: gcc -o conftest -g -O2 -I/home/anita/flightSoft/common  conftest.c -llddl   >&5
configure:9412: $? = 0
configure:9433: result: yes
configure:9451: checking for PQdb in -lpq
configure:9486: gcc -o conftest -g -O2 -I/home/anita/flightSoft/common  conftest.c -lpq   >&5
configure:9493: $? = 0
configure:9514: result: yes
configure:9533: checking for /home/anita/flightSoft/lib/libCompress.a
configure:9550: result: yes
configure:9569: checking for /home/anita/flightSoft/lib/libPedestal.a
configure:9586: result: yes
configure:9605: checking for /home/anita/flightSoft/lib/libUtil.a
configure:9622: result: yes
configure:9787: creating ./config.status

## ---------------- ##
## Cache variables. ##
## ---------------- ##

ac_cv_build=x86_64-redhat-linux-gnu
ac_cv_c_compiler_gnu=yes
ac_cv_cxx_compiler_gnu=yes
ac_cv_env_CCC_set=
ac_cv_env_CCC_value=
ac_cv_env_CC_set=
ac_cv_env_CC_value=
ac_cv_env_CFLAGS_set=
ac_cv_env_CFLAGS_value=
ac_cv_env_CPPFLAGS_set=set
ac_cv_env_CPPFLAGS_value=-I/home/anita/flightSoft/common
ac_cv_env_CPP_set=
ac_cv_env_CPP_value=
ac_cv_env_CXXFLAGS_set=
ac_cv_env_CXXFLAGS_value=
ac_cv_env_CXX_set=
ac_cv_env_CXX_value=
ac_cv_env_LDFLAGS_set=
ac_cv_env_LDFLAGS_value=
ac_cv_env_LIBS_set=
ac_cv_env_LIBS_value=
ac_cv_env_build_alias_set=
ac_cv_env_build_alias_value=
ac_cv_env_host_alias_set=
ac_cv_env_host_alias_value=
ac_cv_env_target_alias_set=
ac_cv_env_target_alias_value=
ac_cv_file__home_anita_flightSoft_lib_libCompress_a=yes
ac_cv_file__home_anita_flightSoft_lib_libPedestal_a=yes
ac_cv_file__home_anita_flightSoft_lib_libUtil_a=yes
ac_cv_header_dlfcn_h=yes
ac_cv_header_includes_anitaFlight_h=yes
ac_cv_header_inttypes_h=yes
ac_cv_header_lddl_h=yes
ac_cv_header_libpq_fe_h=yes
ac_cv_header_memory_h=yes
ac_cv_header_stdc=yes
ac_cv_header_stdint_h=yes
ac_cv_header_stdlib_h=yes
ac_cv_header_string_h=yes
ac_cv_header_strings_h=yes
ac_cv_header_sys_stat_h=yes
ac_cv_header_sys_types_h=yes
ac_cv_header_unistd_h=yes
ac_cv_host=x86_64-redhat-linux-gnu
ac_cv_lib_lddl_main=yes
ac_cv_lib_pq_PQdb=yes
ac_cv_objext=o
ac_cv_path_EGREP='/bin/grep -E'
ac_cv_path_GREP=/bin/grep
ac_cv_path_install='/usr/bin/install -c'
ac_cv_prog_CPP='gcc -E'
ac_cv_prog_ac_ct_CC=gcc
ac_cv_prog_ac_ct_CXX=g++
ac_cv_prog_ac_ct_RANLIB=ranlib
ac_cv_prog_ac_ct_STRIP=strip
ac_cv_prog_cc_c89=
ac_cv_prog_cc_g=yes
ac_cv_prog_cxx_g=yes
ac_cv_prog_make_make_set=yes
lt_cv_archive_cmds_need_lc=no
lt_cv_compiler_c_o=yes
lt_cv_compiler_o_lo=yes
lt_cv_deplibs_check_method=pass_all
lt_cv_file_magic_cmd='$MAGIC_CMD'
lt_cv_file_magic_test_file='/lib/libc.so.6 /lib/libc-2.12.so'
lt_cv_global_symbol_to_c_name_address='sed -n -e '\''s/^: \([^ ]*\) $/  {\"\1\", (lt_ptr) 0},/p'\'' -e '\''s/^[BCDEGRST] \([^ ]*\) \([^ ]*\)$/  {"\2", (lt_ptr) \&\2},/p'\'''
lt_cv_global_symbol_to_cdecl='sed -n -e '\''s/^. .* \(.*\)$/extern char \1;/p'\'''
lt_cv_ld_reload_flag=-r
lt_cv_path_LD=/usr/bin/ld
lt_cv_path_NM='/usr/bin/nm -B'
lt_cv_path_SED=/bin/sed
lt_cv_prog_cc_can_build_shared=yes
lt_cv_prog_cc_no_builtin=
lt_cv_prog_cc_pic=' -fPIC'
lt_cv_prog_cc_pic_works=yes
lt_cv_prog_cc_shlib=
lt_cv_prog_cc_static=
lt_cv_prog_cc_static_works=no
lt_cv_prog_cc_wl=-Wl,
lt_cv_prog_gnu_ld=yes
lt_cv_sys_global_symbol_pipe='sed -n -e '\''s/^.*[ 	]\([ABCDGISTW][ABCDGISTW]*\)[ 	][ 	]*\(\)\([_A-Za-z][_A-Za-z0-9]*\)$/\1 \2\3 \3/p'\'''

## ----------------- ##
## Output variables. ##
## ----------------- ##

ACLOCAL='/home/anita/anitaGse/missing aclocal-1.4'
AUTOCONF='autoconf'
AUTOHEADER='autoheader'
AUTOMAKE='/home/anita/anitaGse/missing automake-1.4'
CC='gcc'
CFLAGS='-g -O2'
CPP='gcc -E'
CPPFLAGS='-I/home/anita/flightSoft/common'
CXX='g++'
CXXFLAGS='-g -O2'
DEFS='-DPACKAGE_NAME=\"\" -DPACKAGE_TARNAME=\"\" -DPACKAGE_VERSION=\"\" -DPACKAGE_STRING=\"\" -DPACKAGE_BUGREPORT=\"\" -DSTDC_HEADERS=1 -DHAVE_SYS_TYPES_H=1 -DHAVE_SYS_STAT_H=1 -DHAVE_STDLIB_H=1 -DHAVE_STRING_H=1 -DHAVE_MEMORY_H=1 -DHAVE_STRINGS_H=1 -DHAVE_INTTYPES_H=1 -DHAVE_STDINT_H=1 -DHAVE_UNISTD_H=1 -DHAVE_DLFCN_H=1'
ECHO='echo'
ECHO_C=''
ECHO_N='-n'
ECHO_T=''
EGREP='/bin/grep -E'
EXEEXT=''
GREP='/bin/grep'
INSTALL_DATA='${INSTALL} -m 644'
INSTALL_PROGRAM='${INSTALL}'
INSTALL_SCRIPT='${INSTALL}'
LDFLAGS=''
LIBOBJS=''
LIBS=''
LIBTOOL='$(SHELL) $(top_builddir)/libtool'
LN_S='ln -s'
LTLIBOBJS=''
MAKEINFO='/home/anita/anitaGse/missing makeinfo'
OBJEXT='o'
PACKAGE='anitagse'
PACKAGE_BUGREPORT=''
PACKAGE_NAME=''
PACKAGE_STRING=''
PACKAGE_TARNAME=''
PACKAGE_VERSION=''
PATH_SEPARATOR=':'
RANLIB='ranlib'
SET_MAKE=''
SHELL='/bin/sh'
STRIP='strip'
VERSION='3.0.1'
ac_ct_CC='gcc'
ac_ct_CXX='g++'
bindir='${exec_prefix}/bin'
build='x86_64-redhat-linux-gnu'
build_alias=''
build_cpu='x86_64'
build_os='linux-gnu'
build_vendor='redhat'
datadir='${datarootdir}'
datarootdir='${prefix}/share'
docdir='${datarootdir}/doc/${PACKAGE}'
dvidir='${docdir}'
exec_prefix='${prefix}'
host='x86_64-redhat-linux-gnu'
host_alias=''
host_cpu='x86_64'
host_os='linux-gnu'
host_vendor='redhat'
htmldir='${docdir}'
includedir='${prefix}/include'
infodir='${datarootdir}/info'
libdir='${exec_prefix}/lib'
libexecdir='${exec_prefix}/libexec'
localedir='${datarootdir}/locale'
localstatedir='${prefix}/var'
mandir='${datarootdir}/man'
oldincludedir='/usr/include'
pdfdir='${docdir}'
prefix='/usr/local'
program_transform_name='s,x,x,'
psdir='${docdir}'
sbindir='${exec_prefix}/sbin'
sharedstatedir='${prefix}/com'
sysconfdir='${prefix}/etc'
target_alias=''

## ----------- ##
## confdefs.h. ##
## ----------- ##

#define PACKAGE_NAME ""
#define PACKAGE_TARNAME ""
#define PACKAGE_VERSION ""
#define PACKAGE_STRING ""
#define PACKAGE_BUGREPORT ""
#define STDC_HEADERS 1
#define HAVE_SYS_TYPES_H 1
#define HAVE_SYS_STAT_H 1
#define HAVE_STDLIB_H 1
#define HAVE_STRING_H 1
#define HAVE_MEMORY_H 1
#define HAVE_STRINGS_H 1
#define HAVE_INTTYPES_H 1
#define HAVE_STDINT_H 1
#define HAVE_UNISTD_H 1
#define HAVE_DLFCN_H 1

configure: exit 0

## ---------------------- ##
## Running config.status. ##
## ---------------------- ##

This file was extended by config.status, which was
generated by GNU Autoconf 2.63.  Invocation command line was

  CONFIG_FILES    = Makefile
  CONFIG_HEADERS  = 
  CONFIG_LINKS    = 
  CONFIG_COMMANDS = 
  $ ./config.status 

on gse2.anita3

config.status:678: creating Makefile
config.status:825: WARNING:  'Makefile.in' seems to ignore the --datarootdir setting

## ---------------------- ##
## Running config.status. ##
## ---------------------- ##

This file was extended by config.status, which was
generated by GNU Autoconf 2.63.  Invocation command line was

  CONFIG_FILES    = lib/Makefile
  CONFIG_HEADERS  = 
  CONFIG_LINKS    = 
  CONFIG_COMMANDS = 
  $ ./config.status 

on gse2.anita3

config.status:678: creating lib/Makefile
config.status:825: WARNING:  'lib/Makefile.in' seems to ignore the --datarootdir setting

## ---------------------- ##
## Running config.status. ##
## ---------------------- ##

This file was extended by config.status, which was
generated by GNU Autoconf 2.63.  Invocation command line was

  CONFIG_FILES    = unpack/Makefile
  CONFIG_HEADERS  = 
  CONFIG_LINKS    = 
  CONFIG_COMMANDS = 
  $ ./config.status 

on gse2.anita3

config.status:678: creating unpack/Makefile
config.status:825: WARNING:  'unpack/Makefile.in' seems to ignore the --datarootdir setting

## ---------------------- ##
## Running config.status. ##
## ---------------------- ##

This file was extended by config.status, which was
generated by GNU Autoconf 2.63.  Invocation command line was

  CONFIG_FILES    = wvreader/Makefile
  CONFIG_HEADERS  = 
  CONFIG_LINKS    = 
  CONFIG_COMMANDS = 
  $ ./config.status 

on gse2.anita3

config.status:678: creating wvreader/Makefile
config.status:825: WARNING:  'wvreader/Makefile.in' seems to ignore the --datarootdir setting
